[debug] [2018-02-15T16:48:02.972Z] ----------------------------------------------------------------------
[debug] [2018-02-15T16:48:02.974Z] Command:       C:\Program Files\nodejs\node.exe C:\Users\Lenevo\AppData\Roaming\npm\node_modules\firebase-tools\bin\firebase deploy
[debug] [2018-02-15T16:48:02.975Z] CLI Version:   3.17.4
[debug] [2018-02-15T16:48:02.975Z] Platform:      win32
[debug] [2018-02-15T16:48:02.975Z] Node Version:  v8.9.1
[debug] [2018-02-15T16:48:02.976Z] Time:          Fri Feb 16 2018 00:48:02 GMT+0800 (Malay Peninsula Standard Time)
[debug] [2018-02-15T16:48:02.976Z] ----------------------------------------------------------------------
[debug] 
[debug] [2018-02-15T16:48:02.988Z] > command requires scopes: ["email","openid","https://www.googleapis.com/auth/cloudplatformprojects.readonly","https://www.googleapis.com/auth/firebase","https://www.googleapis.com/auth/cloud-platform"]
[debug] [2018-02-15T16:48:02.988Z] > authorizing via signed-in user
[debug] [2018-02-15T16:48:02.989Z] > refreshing access token with scopes: ["email","https://www.googleapis.com/auth/cloud-platform","https://www.googleapis.com/auth/cloudplatformprojects.readonly","https://www.googleapis.com/auth/firebase","openid"]
[debug] [2018-02-15T16:48:02.990Z] >>> HTTP REQUEST POST https://www.googleapis.com/oauth2/v3/token  
 { refresh_token: '1/Zs0IdtxErcWw1PMD-OOkNKgUOujrorfWYgz3er8Bq23kzEH6Ne9eBXfVi0H1CElQ',
  client_id: '563584335869-fgrhgmd47bqnekij5i8b5pr03ho849e6.apps.googleusercontent.com',
  client_secret: 'j9iVZfS8kkCEFUPaAeJV0sAi',
  grant_type: 'refresh_token',
  scope: 'email https://www.googleapis.com/auth/cloud-platform https://www.googleapis.com/auth/cloudplatformprojects.readonly https://www.googleapis.com/auth/firebase openid' } 
 Fri Feb 16 2018 00:48:02 GMT+0800 (Malay Peninsula Standard Time)
[debug] [2018-02-15T16:48:03.433Z] <<< HTTP RESPONSE 200
[debug] [2018-02-15T16:48:03.499Z] >>> HTTP REQUEST GET https://admin.firebase.com/v1/projects/angular-firebase-deployment  
  
 Fri Feb 16 2018 00:48:03 GMT+0800 (Malay Peninsula Standard Time)
[debug] [2018-02-15T16:48:04.545Z] <<< HTTP RESPONSE 200
[debug] [2018-02-15T16:48:04.546Z] >>> HTTP REQUEST GET https://admin.firebase.com/v1/database/angular-firebase-deployment/tokens  
  
 Fri Feb 16 2018 00:48:04 GMT+0800 (Malay Peninsula Standard Time)
[debug] [2018-02-15T16:48:05.431Z] <<< HTTP RESPONSE 200
[info] 
[info] === Deploying to 'angular-firebase-deployment'...
[info] 
[info] i  deploying database, firestore, hosting
[info] i  database: checking rules syntax...
[debug] [2018-02-15T16:48:06.692Z] >>> HTTP REQUEST PUT https://angular-firebase-deployment.firebaseio.com/.settings/rules.json?dryRun=true  
 {
  "rules": {
    ".read": "auth != null",
    ".write": "auth != null"
  }
}
 
 Fri Feb 16 2018 00:48:06 GMT+0800 (Malay Peninsula Standard Time)
[debug] [2018-02-15T16:48:07.766Z] <<< HTTP RESPONSE 200
[info] +  database: rules syntax for database angular-firebase-deployment is valid
[info] i  firestore: checking firestore.rules for compilation errors...
[debug] [2018-02-15T16:48:07.773Z] >>> HTTP REQUEST POST https://firebaserules.googleapis.com/v1/projects/angular-firebase-deployment:test  
 { source: { files: [ [Object] ] } } 
 Fri Feb 16 2018 00:48:07 GMT+0800 (Malay Peninsula Standard Time)
[debug] [2018-02-15T16:48:09.132Z] <<< HTTP RESPONSE 200
[info] +  firestore: rules file firestore.rules compiled successfully
[info] i  firestore: uploading rules firestore.rules...
[debug] [2018-02-15T16:48:09.136Z] >>> HTTP REQUEST POST https://firebaserules.googleapis.com/v1/projects/angular-firebase-deployment/rulesets  
 { source: { files: [ [Object] ] } } 
 Fri Feb 16 2018 00:48:09 GMT+0800 (Malay Peninsula Standard Time)
[debug] [2018-02-15T16:48:09.137Z] >>> HTTP REQUEST GET https://firestore.googleapis.com/v1beta1/projects/angular-firebase-deployment/databases/(default)/indexes  
  
 Fri Feb 16 2018 00:48:09 GMT+0800 (Malay Peninsula Standard Time)
[debug] [2018-02-15T16:48:10.478Z] <<< HTTP RESPONSE 200
[debug] [2018-02-15T16:48:10.478Z] [rules] created ruleset projects/angular-firebase-deployment/rulesets/887b5a7d-c561-463f-9eec-f00ca623ff94
[debug] [2018-02-15T16:48:10.906Z] <<< HTTP RESPONSE 200
[info] i  hosting: preparing public directory for upload...
[debug] [2018-02-15T16:48:10.953Z] >>> HTTP REQUEST PUT https://deploy.firebase.com/v1/hosting/angular-firebase-deployment/uploads/-L5PMONaPP5JUUTFcPgC?fileCount=2&message=  
  
 Fri Feb 16 2018 00:48:10 GMT+0800 (Malay Peninsula Standard Time)
[debug] [2018-02-15T16:48:12.339Z] <<< HTTP RESPONSE 200
[debug] [2018-02-15T16:48:12.339Z] [hosting] .tgz uploaded successfully, waiting for extraction
